{"level":"info","message":"a request has been made with the following uuid [93045bce-77ba-46cd-a6ec-873e959e40ab] /1 PostmanRuntime/7.26.8 {\"code\":\"1234568\"}"}
{"level":"info","message":"a request has been made with the following uuid [8c7c0960-30f7-4ef8-b97d-ca4add5424cf] /1 PostmanRuntime/7.26.8 {\"code\":\"1234568\"}"}
{"level":"info","message":"a request has been made with the following uuid [7772a9ee-57b4-4648-a0bd-312300c552bf] /organparts/1 PostmanRuntime/7.26.8 {\"code\":\"1234568\"}"}
{"level":"info","message":"a request has been made with the following uuid [f34dfbe2-1fe8-4fe1-be71-c7d4f6ba666f] /organparts/1 PostmanRuntime/7.26.8 {\"code\":\"1234568\"}"}
{"level":"info","message":"a request has been made with the following uuid [2a36798f-80bf-4a72-a528-7bd2326359b9] /organparts/1 PostmanRuntime/7.26.8 {\"code\":\"1234568\"}"}
{"level":"info","message":"a request has been made with the following uuid [85dde8f9-8425-4fa6-9322-7ae309b2ef5f] /mainparts PostmanRuntime/7.26.8 {\"code\":\"1234568\"}"}
{"level":"info","message":"a request has been made with the following uuid [80b7928c-3186-4d95-ba18-494af6a14d4a] /api/body/mainparts PostmanRuntime/7.26.8 {\"code\":\"1234568\"}"}
{"level":"info","message":"a request has been made with the following uuid [b0a4619c-d081-4bcb-b0ea-65d19f83cc77] /api/body/organparts/1 PostmanRuntime/7.26.8 {\"code\":\"1234568\"}"}
{"level":"info","message":"a request has been made with the following uuid [170ef3ae-a2d9-4ffc-96ff-087b3ff7bbd8] /api/body/mainparts PostmanRuntime/7.26.8 {\"code\":\"1234568\"}"}
{"level":"info","message":"a request has been made with the following uuid [b51e19a2-a4a2-45b9-be47-79214d9d32b0] /api/body/mainparts PostmanRuntime/7.26.8 {\"code\":\"1234568\"}"}
{"level":"info","message":"A request has been made and proccessed successfully at Tue Mar 16 2021 14:42:33 GMT+0100 (heure normale d’Europe centrale)"}
{"level":"info","message":"a request has been made with the following uuid [d9911327-5498-4d1c-8b39-6f735f5d0abf] /api/body/organparts/1 PostmanRuntime/7.26.8 {\"code\":\"1234568\"}"}
{"level":"info","message":"a request has been made with the following uuid [92897080-dc06-45e3-808d-6d649d7ee350] /api/body/organparts/1 PostmanRuntime/7.26.8 {\"code\":\"1234568\"}"}
{"level":"info","message":"a request has been made with the following uuid [1c3c1021-f6a1-4ce4-b400-58976f6f896a] /api/body/organparts/1 PostmanRuntime/7.26.8 {\"code\":\"1234568\"}"}
{"level":"info","message":"a request has been made with the following uuid [cc8c8e5c-e22c-4ef2-9c65-c79ab4d8a1f7] /api/body/organparts/1 PostmanRuntime/7.26.8 {\"code\":\"1234568\"}"}
{"level":"info","message":"a request has been made with the following uuid [1acadc35-5107-4add-b1fc-f2a4dee379fd] /api/body/organparts/1 PostmanRuntime/7.26.8 {\"code\":\"1234568\"}"}
{"level":"info","message":"a request has been made with the following uuid [7cba9a6a-098c-406b-9129-7ed11d3734e6] /api/body/organparts PostmanRuntime/7.26.8 {\"code\":\"1234568\"}"}
{"level":"info","message":"a request has been made with the following uuid [1f3ca215-ef9a-46fc-8265-7198362708ae] /api/body/mainparts PostmanRuntime/7.26.8 {\"code\":\"1234568\"}"}
{"level":"info","message":"A request has been made and proccessed successfully at Tue Mar 16 2021 14:49:15 GMT+0100 (heure normale d’Europe centrale)"}
{"level":"info","message":"a request has been made with the following uuid [b7502ee1-6501-4d1f-9635-7b652673f496] /api/body/organparts/1 PostmanRuntime/7.26.8 {\"code\":\"1234568\"}"}
{"level":"info","message":"a request has been made with the following uuid [7deaed3e-b107-48c8-a9c9-75a580c6c454] /api/body/organparts/1 PostmanRuntime/7.26.8 {\"code\":\"1234568\"}"}
{"level":"info","message":"a request has been made with the following uuid [2f49181d-f1e9-476f-9f36-da63440c6895] /api/body/organparts/1 PostmanRuntime/7.26.8 {\"code\":\"1234568\"}"}
{"level":"info","message":"A request has been made and proccessed successfully at Tue Mar 16 2021 14:52:21 GMT+0100 (heure normale d’Europe centrale)"}
{"level":"info","message":"a request has been made with the following uuid [52f3daf4-c561-4158-992b-bee364df6142] /api/body/organparts/1 PostmanRuntime/7.26.8 {\"code\":\"1234568\"}"}
{"level":"info","message":"A request has been made and proccessed successfully at Tue Mar 16 2021 14:53:19 GMT+0100 (heure normale d’Europe centrale)"}
{"level":"info","message":"a request has been made with the following uuid [d0af2dc5-d6f3-4506-bda3-ce3514665497] /api/body/organparts/2 PostmanRuntime/7.26.8 {\"code\":\"1234568\"}"}
{"level":"info","message":"A request has been made and proccessed successfully at Tue Mar 16 2021 14:54:03 GMT+0100 (heure normale d’Europe centrale)"}
{"level":"info","message":"a request has been made with the following uuid [4a8f54ed-90d8-4b21-a729-dfe99cde2e40] /api/body/organparts/2 PostmanRuntime/7.26.8 {\"code\":\"1234568\"}"}
{"level":"info","message":"a request has been made with the following uuid [1c64bdbc-dd49-4a2f-b5db-3d81dbc1fad4] /api/body/organparts/2 PostmanRuntime/7.26.8 {\"code\":\"1234568\"}"}
{"level":"info","message":"A request has been made and proccessed successfully at Tue Mar 16 2021 14:57:49 GMT+0100 (heure normale d’Europe centrale)"}
{"level":"info","message":"a request has been made with the following uuid [dbefdbaa-1b5b-4e21-b566-e48e18505fd3] /api/body/organparts/1 PostmanRuntime/7.26.8 {\"code\":\"1234568\"}"}
{"level":"info","message":"A request has been made and proccessed successfully at Tue Mar 16 2021 14:58:01 GMT+0100 (heure normale d’Europe centrale)"}
{"level":"info","message":"a request has been made with the following uuid [e87e64d2-1559-4116-8d54-c5cb98d9c27c] /api/body/organparts/1 PostmanRuntime/7.26.8 {\"code\":\"1234568\"}"}
{"level":"info","message":"a request has been made with the following uuid [831e26ca-185f-4a7e-99b7-a76cdcb4dc66] /api/body/organparts/1 PostmanRuntime/7.26.8 {\"code\":\"1234568\"}"}
{"level":"info","message":"a request has been made with the following uuid [94b33b52-9b44-48bf-839a-8130048b8716] /api/body/organparts/1 PostmanRuntime/7.26.8 {\"code\":\"1234568\"}"}
{"level":"info","message":"a request has been made with the following uuid [123c01a4-751d-4b55-ab3c-892e6084f149] /api/body/organparts/1 PostmanRuntime/7.26.8 {\"code\":\"1234568\"}"}
{"level":"info","message":"A request has been made and proccessed successfully at Tue Mar 16 2021 14:59:45 GMT+0100 (heure normale d’Europe centrale)"}
{"level":"info","message":"a request has been made with the following uuid [cada8435-9c95-4e41-a83a-b0803fa5a6af] /api/body/organparts/1 PostmanRuntime/7.26.8 {\"code\":\"1234568\"}"}
{"level":"info","message":"A request has been made and proccessed successfully at Tue Mar 16 2021 15:00:19 GMT+0100 (heure normale d’Europe centrale)"}
{"level":"info","message":"a request has been made with the following uuid [cbeae191-ee66-41c0-a549-69d852231372] /api/body/organparts/1 PostmanRuntime/7.26.8 {\"code\":\"1234568\"}"}
{"level":"info","message":"A request has been made and proccessed successfully at Tue Mar 16 2021 15:00:58 GMT+0100 (heure normale d’Europe centrale)"}
{"level":"info","message":"a request has been made with the following uuid [50b7149c-2ef5-49e9-a959-fc6339ac8e56] /api/body/organparts/1 PostmanRuntime/7.26.8 {\"code\":\"1234568\"}"}
{"level":"info","message":"A request has been made and proccessed successfully at Tue Mar 16 2021 15:02:10 GMT+0100 (heure normale d’Europe centrale)"}
{"level":"info","message":"a request has been made with the following uuid [220e291d-c7d3-4d68-8818-a6ed20f8a1f7] /api/body/organparts/1 PostmanRuntime/7.26.8 {\"code\":\"1234568\"}"}
{"level":"info","message":"A request has been made and proccessed successfully at Tue Mar 16 2021 20:52:35 GMT+0100 (heure normale d’Europe centrale)"}
{"level":"info","message":"a request has been made with the following uuid [ad78ec7b-e000-48d3-8c95-bce5a7a293c8] /api/body/organparts/1 PostmanRuntime/7.26.8 {\"code\":\"1234568\"}"}
{"level":"info","message":"A request has been made and proccessed successfully at Tue Mar 16 2021 20:56:34 GMT+0100 (heure normale d’Europe centrale)"}
{"level":"info","message":"a request has been made with the following uuid [76fe9bd5-822a-486d-a64f-2b230ad5ac23] /api/body/organparts/1 PostmanRuntime/7.26.8 {\"code\":\"1234568\"}"}
{"level":"info","message":"A request has been made and proccessed successfully at Tue Mar 16 2021 20:56:51 GMT+0100 (heure normale d’Europe centrale)"}
{"level":"info","message":"a request has been made with the following uuid [a3b78c5a-ce41-4345-bae9-7e0e52e67374] /api/body/organparts/1 PostmanRuntime/7.26.8 {\"code\":\"1234568\"}"}
{"level":"info","message":"A request has been made and proccessed successfully at Tue Mar 16 2021 20:57:17 GMT+0100 (heure normale d’Europe centrale)"}
{"level":"info","message":"a request has been made with the following uuid [60418232-42ce-40a1-9513-51aa8ebf877d] /api/body/organparts/1 PostmanRuntime/7.26.8 {\"code\":\"1234568\"}"}
{"level":"info","message":"A request has been made and proccessed successfully at Tue Mar 16 2021 20:58:02 GMT+0100 (heure normale d’Europe centrale)"}
{"level":"info","message":"a request has been made with the following uuid [828251f9-0cbe-49f3-9754-e93607d3c50a] /api/body/mainparts PostmanRuntime/7.26.8 {\"code\":\"1234568\"}"}
{"level":"info","message":"A request has been made and proccessed successfully at Tue Mar 16 2021 20:58:54 GMT+0100 (heure normale d’Europe centrale)"}
{"level":"info","message":"a request has been made with the following uuid [cdfccde9-ed39-44d2-8e10-2708960a1928] /api/body/organparts/1 PostmanRuntime/7.26.8 {\"code\":\"1234568\"}"}
{"level":"info","message":"A request has been made and proccessed successfully at Tue Mar 16 2021 21:01:32 GMT+0100 (heure normale d’Europe centrale)"}
