{"level":"info","message":"a request has been made with the following uuid [bd2917c6-fda5-49ab-8bde-e1913883f8cb] /api/organparts/1 PostmanRuntime/7.26.8 {}"}
{"level":"info","message":"a request has been made with the following uuid [76749355-f6af-4e49-8f41-5bf05077f243] /api/body/organparts/1 PostmanRuntime/7.26.8 {}"}
{"level":"info","message":"A request has been made and proccessed successfully at Sun Jul 25 2021 13:25:25 GMT+0200 (heure d’été d’Europe centrale)"}
{"level":"info","message":"a request has been made with the following uuid [63c010c0-2731-45e8-9f5c-2b727fe8f672] /api/body/organparts/1 PostmanRuntime/7.26.8 {}"}
{"level":"info","message":"A request has been made and proccessed successfully at Sun Jul 25 2021 13:26:53 GMT+0200 (heure d’été d’Europe centrale)"}
{"level":"info","message":"a request has been made with the following uuid [7f1ae6e6-9cf5-4877-a815-319666949b64] /api/body/organparts/1 PostmanRuntime/7.26.8 {}"}
{"level":"info","message":"A request has been made and proccessed successfully at Sun Jul 25 2021 13:27:26 GMT+0200 (heure d’été d’Europe centrale)"}
{"level":"info","message":"a request has been made with the following uuid [df7f381b-a16d-4570-a39f-4827b569318e] /api/body/1 PostmanRuntime/7.26.8 {}"}
{"level":"info","message":"A request has been made and proccessed successfully at Sun Jul 25 2021 13:28:14 GMT+0200 (heure d’été d’Europe centrale)"}
{"level":"info","message":"a request has been made with the following uuid [3c3afe1d-32c6-4144-8fc1-3a0c306664c3] /api/body/mainparts PostmanRuntime/7.26.8 {}"}
{"level":"info","message":"A request has been made and proccessed successfully at Sun Jul 25 2021 13:30:21 GMT+0200 (heure d’été d’Europe centrale)"}
{"level":"info","message":"a request has been made with the following uuid [11ef8dd2-4178-4726-a058-5964ef15f7a0] /api/body/organparts/2 PostmanRuntime/7.26.8 {}"}
{"level":"info","message":"A request has been made and proccessed successfully at Sun Jul 25 2021 13:30:46 GMT+0200 (heure d’été d’Europe centrale)"}
{"level":"info","message":"a request has been made with the following uuid [1be43985-d5a7-4925-a9be-1f052a4ae727] /api/body/5 PostmanRuntime/7.26.8 {}"}
{"level":"info","message":"A request has been made and proccessed successfully at Sun Jul 25 2021 13:31:37 GMT+0200 (heure d’été d’Europe centrale)"}
{"level":"info","message":"a request has been made with the following uuid [1f83bdd4-66df-4fb9-9325-2288ebaa348c] /api/body/5 PostmanRuntime/7.26.8 {}"}
{"level":"info","message":"A request has been made and proccessed successfully at Sun Jul 25 2021 13:31:39 GMT+0200 (heure d’été d’Europe centrale)"}
{"level":"info","message":"a request has been made with the following uuid [c0c7be8e-3199-4bec-b1d0-149a7b496f4d] /api/body/1 PostmanRuntime/7.26.8 {}"}
{"level":"info","message":"A request has been made and proccessed successfully at Sun Jul 25 2021 13:31:45 GMT+0200 (heure d’été d’Europe centrale)"}
{"level":"info","message":"a request has been made with the following uuid [77c49948-00b2-4007-8f56-c4c4ed49ecff] /api/body/1 PostmanRuntime/7.26.8 {}"}
{"level":"info","message":"A request has been made and proccessed successfully at Sun Jul 25 2021 13:32:04 GMT+0200 (heure d’été d’Europe centrale)"}
{"level":"info","message":"a request has been made with the following uuid [fef8e149-eff9-4d68-a017-96116c94c6c1] /api/body/1 PostmanRuntime/7.26.8 {}"}
{"level":"info","message":"A request has been made and proccessed successfully at Sun Jul 25 2021 13:40:02 GMT+0200 (heure d’été d’Europe centrale)"}
{"level":"info","message":"a request has been made with the following uuid [109e73fa-f3ca-4b1d-8f00-0881bf8922ce] /api/body/1 PostmanRuntime/7.26.8 {}"}
{"level":"info","message":"A request has been made and proccessed successfully at Sun Jul 25 2021 13:40:05 GMT+0200 (heure d’été d’Europe centrale)"}
{"level":"info","message":"a request has been made with the following uuid [0ac344a1-9b67-4b3e-9703-74287dacd8b7] /api/body/1 PostmanRuntime/7.26.8 {}"}
{"level":"info","message":"A request has been made and proccessed successfully at Sun Jul 25 2021 13:40:14 GMT+0200 (heure d’été d’Europe centrale)"}
{"level":"info","message":"a request has been made with the following uuid [3a783a2a-e368-481d-a5d5-3d5ba310e050] /api/body/1 PostmanRuntime/7.26.8 {}"}
{"level":"info","message":"A request has been made and proccessed successfully at Sun Jul 25 2021 13:41:02 GMT+0200 (heure d’été d’Europe centrale)"}
{"level":"info","message":"a request has been made with the following uuid [120a9cbe-8891-4a14-907d-96099f44b643] /api/body/1 PostmanRuntime/7.26.8 {}"}
{"level":"info","message":"A request has been made and proccessed successfully at Sun Jul 25 2021 13:41:46 GMT+0200 (heure d’été d’Europe centrale)"}
{"level":"info","message":"a request has been made with the following uuid [5dc394fe-1212-44cf-9e8c-eebebf0ddf11] /api/body/1 PostmanRuntime/7.26.8 {}"}
{"level":"info","message":"A request has been made and proccessed successfully at Sun Jul 25 2021 13:45:13 GMT+0200 (heure d’été d’Europe centrale)"}
{"level":"info","message":"a request has been made with the following uuid [3f8995c6-5864-4b94-8a77-3047214f215d] /api/body/1 PostmanRuntime/7.26.8 {}"}
{"level":"info","message":"A request has been made and proccessed successfully at Sun Jul 25 2021 13:45:35 GMT+0200 (heure d’été d’Europe centrale)"}
{"level":"info","message":"a request has been made with the following uuid [49adbfb1-dde2-4edc-8a01-94e65af2570e] /api/body/1 PostmanRuntime/7.26.8 {}"}
{"level":"info","message":"A request has been made and proccessed successfully at Sun Jul 25 2021 13:45:53 GMT+0200 (heure d’été d’Europe centrale)"}
