{"level":"info","message":"a request has been made with the following uuid [e8bbc07b-d481-4dfa-b592-c99c7ce9efce] /api/body/1 PostmanRuntime/7.26.8 {}"}
{"level":"info","message":"A request has been made and proccessed successfully at Fri Aug 06 2021 10:43:07 GMT+0200 (heure d’été d’Europe centrale)"}
{"level":"info","message":"a request has been made with the following uuid [d2f4af6c-ff81-445d-a1d5-63639e5f884b] /api/body/1 PostmanRuntime/7.26.8 {}"}
{"level":"info","message":"A request has been made and proccessed successfully at Fri Aug 06 2021 10:43:51 GMT+0200 (heure d’été d’Europe centrale)"}
{"level":"info","message":"a request has been made with the following uuid [9ee389cc-c4dd-470a-bec8-10437f926516] /api/body/1 PostmanRuntime/7.26.8 {}"}
{"level":"info","message":"A request has been made and proccessed successfully at Fri Aug 06 2021 10:44:32 GMT+0200 (heure d’été d’Europe centrale)"}
{"level":"info","message":"a request has been made with the following uuid [2d84392d-5dd9-4c3b-9be0-a5239f73a853] /api/body/1 PostmanRuntime/7.26.8 {}"}
{"level":"info","message":"A request has been made and proccessed successfully at Fri Aug 06 2021 10:45:08 GMT+0200 (heure d’été d’Europe centrale)"}
{"level":"info","message":"a request has been made with the following uuid [74241404-17e6-474b-ac1e-06632fc33df1] /api/body/1 PostmanRuntime/7.26.8 {}"}
{"level":"info","message":"A request has been made and proccessed successfully at Fri Aug 06 2021 10:45:38 GMT+0200 (heure d’été d’Europe centrale)"}
{"level":"info","message":"a request has been made with the following uuid [c9961102-d101-4fd4-a9cb-b4abea72b479] /api/body/1 PostmanRuntime/7.26.8 {}"}
{"level":"info","message":"A request has been made and proccessed successfully at Fri Aug 06 2021 10:45:58 GMT+0200 (heure d’été d’Europe centrale)"}
{"level":"info","message":"a request has been made with the following uuid [923a4542-5df4-431e-ad87-d00fa2f5d3ae] /api/body/1 PostmanRuntime/7.26.8 {}"}
{"level":"info","message":"A request has been made and proccessed successfully at Fri Aug 06 2021 10:47:58 GMT+0200 (heure d’été d’Europe centrale)"}
{"level":"info","message":"a request has been made with the following uuid [b0931a11-4d55-4d8e-a750-5d4cbfdcff0b] /api/body/1 PostmanRuntime/7.26.8 {}"}
{"level":"info","message":"A request has been made and proccessed successfully at Fri Aug 06 2021 10:48:05 GMT+0200 (heure d’été d’Europe centrale)"}
{"level":"info","message":"a request has been made with the following uuid [01aae810-4871-450a-8c3a-7b09cca6b612] /api/body/1 PostmanRuntime/7.26.8 {}"}
{"level":"info","message":"A request has been made and proccessed successfully at Fri Aug 06 2021 10:48:07 GMT+0200 (heure d’été d’Europe centrale)"}
{"level":"info","message":"a request has been made with the following uuid [cd193617-ab8f-40de-ad0a-565d851c2d96] /api/body/1 PostmanRuntime/7.26.8 {}"}
{"level":"info","message":"A request has been made and proccessed successfully at Fri Aug 06 2021 10:49:17 GMT+0200 (heure d’été d’Europe centrale)"}
{"level":"info","message":"a request has been made with the following uuid [66bedd9d-e9d6-41b1-b582-047389a474a9] /api/body/1 PostmanRuntime/7.26.8 {}"}
{"level":"info","message":"A request has been made and proccessed successfully at Fri Aug 06 2021 10:49:28 GMT+0200 (heure d’été d’Europe centrale)"}
{"level":"info","message":"a request has been made with the following uuid [d027ae41-df4c-4dce-9960-89390a52901e] /api/body/1 PostmanRuntime/7.26.8 {}"}
{"level":"info","message":"A request has been made and proccessed successfully at Fri Aug 06 2021 10:49:40 GMT+0200 (heure d’été d’Europe centrale)"}
{"level":"info","message":"a request has been made with the following uuid [33655322-7cc5-48b7-b4ce-7858827b6aab] /api/body/1 PostmanRuntime/7.26.8 {}"}
{"level":"info","message":"A request has been made and proccessed successfully at Fri Aug 06 2021 10:50:13 GMT+0200 (heure d’été d’Europe centrale)"}
{"level":"info","message":"a request has been made with the following uuid [5112fd46-64f3-4261-ab6c-5bb31b259559] /api/body/1 PostmanRuntime/7.26.8 {}"}
{"level":"info","message":"A request has been made and proccessed successfully at Fri Aug 06 2021 10:50:36 GMT+0200 (heure d’été d’Europe centrale)"}
{"level":"info","message":"a request has been made with the following uuid [5b93a908-0555-43ca-9162-4b6964c6dba8] /api/body/1 PostmanRuntime/7.26.8 {}"}
{"level":"info","message":"A request has been made and proccessed successfully at Fri Aug 06 2021 10:54:23 GMT+0200 (heure d’été d’Europe centrale)"}
{"level":"info","message":"a request has been made with the following uuid [c5513874-809d-4c7d-9ad9-0fef84d6eec5] /api/body/1 PostmanRuntime/7.26.8 {}"}
{"level":"info","message":"A request has been made and proccessed successfully at Fri Aug 06 2021 10:56:23 GMT+0200 (heure d’été d’Europe centrale)"}
{"level":"info","message":"a request has been made with the following uuid [7fd8f936-2ee7-42cb-8492-80c35584bbcc] /api/body/1 PostmanRuntime/7.26.8 {}"}
{"level":"info","message":"a request has been made with the following uuid [bd390fac-977e-4332-970b-8747f6114325] /api/body/1 PostmanRuntime/7.26.8 {}"}
{"level":"info","message":"A request has been made and proccessed successfully at Fri Aug 06 2021 10:58:01 GMT+0200 (heure d’été d’Europe centrale)"}
{"level":"info","message":"a request has been made with the following uuid [53cdde43-37a2-487e-ad6c-b99c127ca029] /api/body/1 PostmanRuntime/7.26.8 {}"}
{"level":"info","message":"A request has been made and proccessed successfully at Fri Aug 06 2021 11:00:14 GMT+0200 (heure d’été d’Europe centrale)"}
{"level":"info","message":"a request has been made with the following uuid [84756ae9-3a4a-410d-8356-760b60864977] /api/body/1 PostmanRuntime/7.26.8 {}"}
{"level":"info","message":"A request has been made and proccessed successfully at Fri Aug 06 2021 11:00:29 GMT+0200 (heure d’été d’Europe centrale)"}
{"level":"info","message":"a request has been made with the following uuid [83c5ba51-eaeb-4d4a-abc8-adb66d204a20] /api/body/1 PostmanRuntime/7.26.8 {}"}
{"level":"info","message":"A request has been made and proccessed successfully at Fri Aug 06 2021 11:00:52 GMT+0200 (heure d’été d’Europe centrale)"}
{"level":"info","message":"a request has been made with the following uuid [aecae308-c429-42b6-a57f-741d9036fd1d] /api/body/1 PostmanRuntime/7.26.8 {}"}
{"level":"info","message":"A request has been made and proccessed successfully at Fri Aug 06 2021 11:01:26 GMT+0200 (heure d’été d’Europe centrale)"}
{"level":"info","message":"a request has been made with the following uuid [b9f9deec-37ce-411f-93e8-d75afde67c49] /api/body/1 PostmanRuntime/7.26.8 {}"}
{"level":"info","message":"A request has been made and proccessed successfully at Fri Aug 06 2021 11:01:56 GMT+0200 (heure d’été d’Europe centrale)"}
{"level":"info","message":"a request has been made with the following uuid [205ea226-dc10-4220-af60-e540de5e285a] /api/body/organparts/1 PostmanRuntime/7.26.8 {}"}
{"level":"info","message":"A request has been made and proccessed successfully at Fri Aug 06 2021 11:02:43 GMT+0200 (heure d’été d’Europe centrale)"}
{"level":"info","message":"a request has been made with the following uuid [88730157-9cab-46ea-a7e3-969ae2ceeca1] /api/body/organparts/1 PostmanRuntime/7.26.8 {}"}
{"level":"info","message":"A request has been made and proccessed successfully at Fri Aug 06 2021 11:03:26 GMT+0200 (heure d’été d’Europe centrale)"}
{"level":"info","message":"a request has been made with the following uuid [23e416ac-8479-46c7-9902-812743e6d216] /api/body/mainparts PostmanRuntime/7.26.8 {}"}
{"level":"info","message":"A request has been made and proccessed successfully at Fri Aug 06 2021 11:03:43 GMT+0200 (heure d’été d’Europe centrale)"}
{"level":"info","message":"a request has been made with the following uuid [38671643-ab9d-46b1-aae5-2e0beba2a559] /api/body/mainparts PostmanRuntime/7.26.8 {}"}
{"level":"info","message":"A request has been made and proccessed successfully at Fri Aug 06 2021 11:04:22 GMT+0200 (heure d’été d’Europe centrale)"}
{"level":"info","message":"a request has been made with the following uuid [8d381618-c531-41ee-b9dc-6e620b36e001] /api/body/mainparts PostmanRuntime/7.26.8 {}"}
{"level":"info","message":"A request has been made and proccessed successfully at Fri Aug 06 2021 11:05:23 GMT+0200 (heure d’été d’Europe centrale)"}
{"level":"info","message":"a request has been made with the following uuid [558e4f50-5f6b-44f9-b68b-e8da959b72a5] /api/body/mainparts PostmanRuntime/7.26.8 {}"}
{"level":"info","message":"A request has been made and proccessed successfully at Fri Aug 06 2021 11:05:59 GMT+0200 (heure d’été d’Europe centrale)"}
{"level":"info","message":"a request has been made with the following uuid [79605f67-fb44-4836-8c3a-8fbc71bdf9b1] /api/body/organparts/1 PostmanRuntime/7.26.8 {}"}
{"level":"info","message":"a request has been made with the following uuid [7253304d-1821-4e4d-a321-ece6eab11935] /api/body/organparts/1 PostmanRuntime/7.26.8 {}"}
{"level":"info","message":"a request has been made with the following uuid [2a0a33e6-f3e2-4da9-9bcf-65286ccea837] /api/body/organparts/1 PostmanRuntime/7.26.8 {}"}
{"level":"info","message":"a request has been made with the following uuid [1eed231f-c292-4c67-b180-c3d4cba9deeb] /api/body/organparts/1 PostmanRuntime/7.26.8 {}"}
{"level":"info","message":"a request has been made with the following uuid [253bd2cf-55da-46d9-8ab5-190e7fd06e0e] /api/body/mainparts PostmanRuntime/7.26.8 {}"}
{"level":"info","message":"A request has been made and proccessed successfully at Fri Aug 06 2021 14:09:05 GMT+0200 (heure d’été d’Europe centrale)"}
{"level":"info","message":"a request has been made with the following uuid [cd6f0346-2d7f-46cc-9c36-e5215290588c] /api/body/mainparts PostmanRuntime/7.26.8 {}"}
{"level":"info","message":"A request has been made and proccessed successfully at Fri Aug 06 2021 14:18:55 GMT+0200 (heure d’été d’Europe centrale)"}
{"level":"info","message":"a request has been made with the following uuid [54d339e8-5db3-48e5-b62f-60a37e89687d] /api/body/1 PostmanRuntime/7.26.8 {}"}
{"level":"info","message":"a request has been made with the following uuid [e64208f4-98e6-434d-aa99-26529aa040dc] /api/body/1 PostmanRuntime/7.26.8 {}"}
{"level":"info","message":"a request has been made with the following uuid [85b14f57-9d0a-4848-82b9-624cd3a03e7d] /api/body/1 PostmanRuntime/7.26.8 {}"}
{"level":"info","message":"a request has been made with the following uuid [a49a5a19-ce10-42a6-a597-90115cb3a509] /api/body/1 PostmanRuntime/7.26.8 {}"}
{"level":"info","message":"a request has been made with the following uuid [15750231-53cb-4e60-9dd6-869635f14739] /api/body/1 PostmanRuntime/7.26.8 {}"}
{"level":"info","message":"a request has been made with the following uuid [1d052b5b-f24d-4583-9fcc-510eeae5d830] /api/body/1 PostmanRuntime/7.26.8 {}"}
{"level":"info","message":"A request has been made and proccessed successfully at Fri Aug 06 2021 14:40:06 GMT+0200 (heure d’été d’Europe centrale)"}
{"level":"info","message":"a request has been made with the following uuid [5b418b58-9739-4977-8033-2e0f6038b940] /api/body/1 PostmanRuntime/7.26.8 {}"}
{"level":"info","message":"A request has been made and proccessed successfully at Fri Aug 06 2021 14:40:57 GMT+0200 (heure d’été d’Europe centrale)"}
{"level":"info","message":"a request has been made with the following uuid [5ebefb37-278f-4c23-8b62-13203b6c1cdf] /api/body/1 PostmanRuntime/7.26.8 {}"}
{"level":"info","message":"A request has been made and proccessed successfully at Fri Aug 06 2021 14:41:51 GMT+0200 (heure d’été d’Europe centrale)"}
{"level":"info","message":"a request has been made with the following uuid [8cf2a2d9-10ff-4fd0-b4b2-a21d5af9aa46] /api/body/1 PostmanRuntime/7.26.8 {}"}
{"level":"info","message":"A request has been made and proccessed successfully at Fri Aug 06 2021 14:41:52 GMT+0200 (heure d’été d’Europe centrale)"}
{"level":"info","message":"a request has been made with the following uuid [5a6befd6-f465-4ee5-972c-76a0e5aaafec] /api/body/1 PostmanRuntime/7.26.8 {}"}
{"level":"info","message":"A request has been made and proccessed successfully at Fri Aug 06 2021 14:41:58 GMT+0200 (heure d’été d’Europe centrale)"}
{"level":"info","message":"a request has been made with the following uuid [5a51afd7-a507-4a05-9d04-98a51e78ae67] /api/body/1 PostmanRuntime/7.26.8 {}"}
{"level":"info","message":"a request has been made with the following uuid [13be98c8-52ef-47af-99e7-c6818f197eaf] /api/body/1 PostmanRuntime/7.26.8 {}"}
{"level":"info","message":"a request has been made with the following uuid [e979ca9a-5653-4a5b-9402-5adc72ec885f] /api/body/1 PostmanRuntime/7.26.8 {}"}
{"level":"info","message":"a request has been made with the following uuid [1fa49e96-cc40-4d6a-ab75-367be3b925b7] /api/body/1 PostmanRuntime/7.26.8 {}"}
{"level":"info","message":"A request has been made and proccessed successfully at Fri Aug 06 2021 14:53:46 GMT+0200 (heure d’été d’Europe centrale)"}
{"level":"info","message":"a request has been made with the following uuid [161e64dd-4c24-4ea0-9193-22381cfae5e0] /api/body/1 PostmanRuntime/7.26.8 {}"}
{"level":"info","message":"a request has been made with the following uuid [10dbfe28-cd0b-43a5-9749-5393a6e40940] /api/body/1 PostmanRuntime/7.26.8 {}"}
{"level":"info","message":"A request has been made and proccessed successfully at Fri Aug 06 2021 14:55:28 GMT+0200 (heure d’été d’Europe centrale)"}
{"level":"info","message":"a request has been made with the following uuid [8bb73a10-17be-46ae-a1b6-108238083a60] /api/body/1 PostmanRuntime/7.26.8 {}"}
{"level":"info","message":"a request has been made with the following uuid [ee8d5aaa-59b8-4082-9fd9-82f5adbaad8a] /api/body/1 PostmanRuntime/7.26.8 {}"}
{"level":"info","message":"A request has been made and proccessed successfully at Fri Aug 06 2021 14:56:20 GMT+0200 (heure d’été d’Europe centrale)"}
{"level":"info","message":"a request has been made with the following uuid [a5010812-f959-4771-abdb-e61760ae9b1d] /api/body/1 PostmanRuntime/7.26.8 {}"}
{"level":"info","message":"A request has been made and proccessed successfully at Fri Aug 06 2021 14:56:28 GMT+0200 (heure d’été d’Europe centrale)"}
{"level":"info","message":"a request has been made with the following uuid [3a03120f-9965-441c-a00b-6127ba9949bd] /api/body/1 PostmanRuntime/7.26.8 {}"}
{"level":"info","message":"A request has been made and proccessed successfully at Fri Aug 06 2021 14:56:43 GMT+0200 (heure d’été d’Europe centrale)"}
{"level":"info","message":"a request has been made with the following uuid [c26da8b1-d86d-420e-9b10-c8b1e61fbdb4] /api/body/1 PostmanRuntime/7.26.8 {}"}
{"level":"info","message":"A request has been made and proccessed successfully at Fri Aug 06 2021 14:56:55 GMT+0200 (heure d’été d’Europe centrale)"}
{"level":"info","message":"a request has been made with the following uuid [865ea520-ce38-4f08-ab8e-c6a95f8a596d] /api/body/1 PostmanRuntime/7.26.8 {}"}
{"level":"info","message":"A request has been made and proccessed successfully at Fri Aug 06 2021 14:57:29 GMT+0200 (heure d’été d’Europe centrale)"}
