{"level":"info","message":"a request has been made with the following uuid [ae7cc0af-9671-4210-879f-51083b8b3a81] /body/parts PostmanRuntime/7.26.8 {}"}
{"level":"info","message":"a request has been made with the following uuid [9a27abb8-5ba2-4df7-9817-532ab09744ad] /body/parts PostmanRuntime/7.26.8 {}"}
{"level":"info","message":"a request has been made with the following uuid [19ec6d59-7961-4e29-9d8a-1b1a05a7af8f] /body/parts PostmanRuntime/7.26.8 {}"}
{"level":"info","message":"a request has been made with the following uuid [7a1cf943-6806-4aed-974c-4188b11626da] /body/parts PostmanRuntime/7.26.8 {}"}
{"level":"info","message":"a request has been made with the following uuid [f8206c08-662a-48f0-9c8d-e870d01dfd5b] /body/parts PostmanRuntime/7.26.8 {}"}
{"level":"info","message":"a request has been made with the following uuid [9984d396-7bf1-4f9f-a8b3-6342d25a78cd] /body/parts PostmanRuntime/7.26.8 {}"}
{"level":"info","message":"a request has been made with the following uuid [10603da6-26df-432d-bf01-6313ee82edcc] /parts PostmanRuntime/7.26.8 {}"}
{"level":"info","message":"a request has been made with the following uuid [1c43f702-039e-4d3e-87ff-7c0f15b0c3c9] /parts PostmanRuntime/7.26.8 {}"}
{"level":"info","message":"a request has been made with the following uuid [45715c45-5fc0-4ee7-a545-00481211f5f0] /parts PostmanRuntime/7.26.8 {}"}
{"level":"info","message":"a request has been made with the following uuid [7441139a-babf-40d4-9b50-460d526407e0] /parts PostmanRuntime/7.26.8 {}"}
{"level":"info","message":"a request has been made with the following uuid [fb8074f5-33c5-4e9a-87c7-280efcfd4a7c] /parts PostmanRuntime/7.26.8 {}"}
{"level":"info","message":"a request has been made with the following uuid [c2c4b915-e502-439d-a304-c28d1b487d95] /parts PostmanRuntime/7.26.8 {}"}
{"level":"info","message":"a request has been made with the following uuid [22a578c1-8850-4cc6-a332-4a385b2b6362] /parts PostmanRuntime/7.26.8 {}"}
{"level":"info","message":"a request has been made with the following uuid [7bd17bb0-7f1d-4ff1-a297-cc3febf402e8] /parts PostmanRuntime/7.26.8 {}"}
{"level":"info","message":"a request has been made with the following uuid [192da4f6-223d-479a-830b-2c812da158d9] /parts PostmanRuntime/7.26.8 {}"}
{"level":"info","message":"a request has been made with the following uuid [3965f458-f7bc-44b1-ac1c-207af2588145] /parts PostmanRuntime/7.26.8 {}"}
{"level":"info","message":"a request has been made with the following uuid [42513688-e159-4ada-aa17-525fafd5c8f0] /parts PostmanRuntime/7.26.8 {}"}
{"level":"info","message":"a request has been made with the following uuid [d27d250a-8ff6-4945-8f84-2d5001a0fb0d] /parts PostmanRuntime/7.26.8 {}"}
{"level":"info","message":"a request has been made with the following uuid [f34f3b6f-4cb9-4bee-b019-82abd57f1dfb] /parts PostmanRuntime/7.26.8 {}"}
{"level":"info","message":"a request has been made with the following uuid [e81dadb4-9a9b-4f14-9a31-020c20ac411a] /parts PostmanRuntime/7.26.8 {}"}
{"level":"info","message":"a request has been made with the following uuid [e84063a2-a3ed-4a53-bdf8-60ab42650fe9] /parts PostmanRuntime/7.26.8 {}"}
{"level":"info","message":"a request has been made with the following uuid [0c07642c-ea16-47b9-8118-d5c3757fb3ce] /parts PostmanRuntime/7.26.8 {}"}
{"level":"info","message":"a request has been made with the following uuid [3f1a8d27-3ef5-4be4-9374-27f960ff8693] /parts PostmanRuntime/7.26.8 {}"}
{"level":"info","message":"a request has been made with the following uuid [2ca7c7a6-4887-4e3e-a67f-04f9dcf45fc1] /parts PostmanRuntime/7.26.8 {}"}
{"level":"info","message":"a request has been made with the following uuid [ff85550c-e661-48d2-9873-a08ffdaf3272] /parts PostmanRuntime/7.26.8 {}"}
{"level":"info","message":"a request has been made with the following uuid [aa973537-de68-4430-9530-82fdeec22a44] /parts PostmanRuntime/7.26.8 {}"}
{"level":"info","message":"a request has been made with the following uuid [22c96ce9-ff4e-4837-82c6-09c5336c0545] /parts PostmanRuntime/7.26.8 {}"}
{"level":"info","message":"a request has been made with the following uuid [76f1cd0b-4003-4c12-b751-f864bf82b5f6] /parts PostmanRuntime/7.26.8 {}"}
{"level":"info","message":"a request has been made with the following uuid [f826a5b4-c4c8-4d6d-9410-3214235f40f1] /parts PostmanRuntime/7.26.8 {}"}
{"level":"info","message":"A request has been made and proccessed successfully at Tue Feb 16 2021 21:13:06 GMT+0100 (heure normale d’Europe centrale)"}
{"level":"info","message":"a request has been made with the following uuid [2cf9bd98-782b-4587-8507-bea94e9153b8] /parts PostmanRuntime/7.26.8 {}"}
{"level":"info","message":"a request has been made with the following uuid [8047b508-7b50-4fe5-99c8-59292a6bd3e8] /parts PostmanRuntime/7.26.8 {}"}
{"level":"info","message":"A request has been made and proccessed successfully at Tue Feb 16 2021 21:14:49 GMT+0100 (heure normale d’Europe centrale)"}
{"level":"info","message":"a request has been made with the following uuid [4f05f1c3-d6d9-47ee-b6ee-540aaf33bb8f] /parts PostmanRuntime/7.26.8 {}"}
{"level":"info","message":"A request has been made and proccessed successfully at Tue Feb 16 2021 21:15:16 GMT+0100 (heure normale d’Europe centrale)"}
{"level":"info","message":"a request has been made with the following uuid [78e24441-0189-48d9-b594-3891c332db09] /parts PostmanRuntime/7.26.8 {}"}
{"level":"info","message":"A request has been made and proccessed successfully at Tue Feb 16 2021 21:17:03 GMT+0100 (heure normale d’Europe centrale)"}
{"level":"info","message":"a request has been made with the following uuid [a4b1f32e-96bd-43e0-b3b3-cade17363df2] /parts PostmanRuntime/7.26.8 {}"}
{"level":"info","message":"A request has been made and proccessed successfully at Tue Feb 16 2021 21:18:18 GMT+0100 (heure normale d’Europe centrale)"}
{"level":"info","message":"a request has been made with the following uuid [35df217b-7408-4eba-8374-7a074280b0e1] /parts PostmanRuntime/7.26.8 {}"}
{"level":"info","message":"A request has been made and proccessed successfully at Tue Feb 16 2021 21:20:30 GMT+0100 (heure normale d’Europe centrale)"}
{"level":"info","message":"a request has been made with the following uuid [4ef0c4ee-0f70-4a03-9bbc-f0fa26f5e7c0] /parts PostmanRuntime/7.26.8 {}"}
{"level":"info","message":"A request has been made and proccessed successfully at Tue Feb 16 2021 21:21:10 GMT+0100 (heure normale d’Europe centrale)"}
{"level":"info","message":"a request has been made with the following uuid [c2d7e381-0dec-4d09-aeab-7ea46f79812c] /parts PostmanRuntime/7.26.8 {}"}
{"level":"info","message":"A request has been made and proccessed successfully at Tue Feb 16 2021 21:22:14 GMT+0100 (heure normale d’Europe centrale)"}
{"level":"info","message":"a request has been made with the following uuid [e75d15e1-8d15-435d-ac83-5e9b55bfd8c9] /parts PostmanRuntime/7.26.8 {}"}
{"level":"info","message":"a request has been made with the following uuid [52f60c78-9d40-4899-8d02-ab8d24079360] /parts PostmanRuntime/7.26.8 {}"}
{"level":"info","message":"A request has been made and proccessed successfully at Tue Feb 16 2021 21:23:26 GMT+0100 (heure normale d’Europe centrale)"}
{"level":"info","message":"a request has been made with the following uuid [cfe2e8aa-afc5-4853-bb8c-d4f7a9c0668f] /parts PostmanRuntime/7.26.8 {}"}
{"level":"info","message":"A request has been made and proccessed successfully at Tue Feb 16 2021 22:48:31 GMT+0100 (heure normale d’Europe centrale)"}
{"level":"info","message":"a request has been made with the following uuid [3d4a23a7-f875-4883-a94d-03850ab1f571] /parts PostmanRuntime/7.26.8 {}"}
{"level":"info","message":"A request has been made and proccessed successfully at Tue Feb 16 2021 22:48:53 GMT+0100 (heure normale d’Europe centrale)"}
{"level":"info","message":"a request has been made with the following uuid [3ac36f2d-51a0-434b-9a44-767b97e64003] /parts PostmanRuntime/7.26.8 {}"}
{"level":"info","message":"A request has been made and proccessed successfully at Tue Feb 16 2021 22:49:12 GMT+0100 (heure normale d’Europe centrale)"}
{"level":"info","message":"a request has been made with the following uuid [74b7a69f-9d74-4049-b419-934eba56d864] /parts PostmanRuntime/7.26.8 {}"}
{"level":"info","message":"A request has been made and proccessed successfully at Tue Feb 16 2021 22:49:43 GMT+0100 (heure normale d’Europe centrale)"}
{"level":"info","message":"a request has been made with the following uuid [a2082625-3e40-46e8-ade4-ef2d043ca7ba] /parts PostmanRuntime/7.26.8 {}"}
{"level":"info","message":"A request has been made and proccessed successfully at Tue Feb 16 2021 22:50:04 GMT+0100 (heure normale d’Europe centrale)"}
{"level":"info","message":"a request has been made with the following uuid [65e98e47-d122-4905-af48-9b6b5bf2c08e] /parts PostmanRuntime/7.26.8 {}"}
{"level":"info","message":"A request has been made and proccessed successfully at Tue Feb 16 2021 22:51:15 GMT+0100 (heure normale d’Europe centrale)"}
{"level":"info","message":"a request has been made with the following uuid [fd214319-af6d-4157-9875-187221b79641] /api/body/parts PostmanRuntime/7.26.8 {}"}
{"level":"info","message":"a request has been made with the following uuid [113ae6fc-da98-4ce7-a1db-e9f1d6cc5fb3] /api/body/parts PostmanRuntime/7.26.8 {}"}
{"level":"info","message":"a request has been made with the following uuid [2aa96ec6-0539-45b5-9965-e05a03ed8ceb] /api/body/parts PostmanRuntime/7.26.8 {}"}
{"level":"info","message":"a request has been made with the following uuid [a36206cc-4605-4b94-92df-d7938c39c0e6] /api/body/parts PostmanRuntime/7.26.8 {}"}
{"level":"info","message":"a request has been made with the following uuid [13e771be-4e7f-4fbf-8c97-67ec6b20372a] /api/body/parts PostmanRuntime/7.26.8 {}"}
{"level":"info","message":"a request has been made with the following uuid [251725fd-e53c-4dc7-b8b4-176da7847a3d] /api/body/parts PostmanRuntime/7.26.8 {}"}
{"level":"info","message":"a request has been made with the following uuid [e44b4749-8948-4376-9365-cf047b32e6b7] /api/body/parts PostmanRuntime/7.26.8 {}"}
{"level":"info","message":"A request has been made and proccessed successfully at Tue Feb 16 2021 22:59:00 GMT+0100 (heure normale d’Europe centrale)"}
